2025-12-31 08:51:31.857 [main] INFO  com.training.VirtualTrainingApplication - Starting VirtualTrainingApplication using Java 21.0.8 with PID 23264 (E:\homework\2025last\work\test\backend\target\classes started by pzq80 in E:\homework\2025last\work\test\backend)
2025-12-31 08:51:31.869 [main] DEBUG com.training.VirtualTrainingApplication - Running with Spring Boot v3.2.1, Spring v6.1.2
2025-12-31 08:51:31.870 [main] INFO  com.training.VirtualTrainingApplication - The following 1 profile is active: "dev"
2025-12-31 08:51:34.194 [main] INFO  o.s.d.r.config.RepositoryConfigurationDelegate - Multiple Spring Data modules found, entering strict repository configuration mode
2025-12-31 08:51:34.198 [main] INFO  o.s.d.r.config.RepositoryConfigurationDelegate - Bootstrapping Spring Data Redis repositories in DEFAULT mode.
2025-12-31 08:51:34.239 [main] INFO  o.s.d.r.config.RepositoryConfigurationDelegate - Finished Spring Data repository scanning in 16 ms. Found 0 Redis repository interfaces.
2025-12-31 08:51:35.654 [main] INFO  o.s.boot.web.embedded.tomcat.TomcatWebServer - Tomcat initialized with port 8080 (http)
2025-12-31 08:51:35.674 [main] INFO  org.apache.catalina.core.StandardService - Starting service [Tomcat]
2025-12-31 08:51:35.675 [main] INFO  org.apache.catalina.core.StandardEngine - Starting Servlet engine: [Apache Tomcat/10.1.17]
2025-12-31 08:51:35.778 [main] INFO  o.a.c.c.ContainerBase.[Tomcat].[localhost].[/api] - Initializing Spring embedded WebApplicationContext
2025-12-31 08:51:35.779 [main] INFO  o.s.b.w.s.c.ServletWebServerApplicationContext - Root WebApplicationContext: initialization completed in 3809 ms
2025-12-31 08:51:36.411 [main] DEBUG c.training.common.config.JwtAuthenticationFilter - Filter 'jwtAuthenticationFilter' configured for use
2025-12-31 08:51:36.444 [main] INFO  c.a.d.s.b.a.DruidDataSourceAutoConfigure - Init DruidDataSource
2025-12-31 08:51:36.891 [main] INFO  com.alibaba.druid.pool.DruidDataSource - {dataSource-1} inited
2025-12-31 08:51:38.484 [main] INFO  o.s.security.web.DefaultSecurityFilterChain - Will secure any request with [org.springframework.security.web.session.DisableEncodeUrlFilter@27682fa9, org.springframework.security.web.context.request.async.WebAsyncManagerIntegrationFilter@2fb70301, org.springframework.security.web.context.SecurityContextHolderFilter@10b3ea72, org.springframework.security.web.header.HeaderWriterFilter@64af5454, org.springframework.web.filter.CorsFilter@60816371, org.springframework.security.web.authentication.logout.LogoutFilter@6c7f804c, com.training.common.config.JwtAuthenticationFilter@77bb916f, org.springframework.security.web.savedrequest.RequestCacheAwareFilter@618fb1, org.springframework.security.web.servletapi.SecurityContextHolderAwareRequestFilter@48751d8a, org.springframework.security.web.authentication.AnonymousAuthenticationFilter@126f2eb8, org.springframework.security.web.session.SessionManagementFilter@6f27730b, org.springframework.security.web.access.ExceptionTranslationFilter@3e0704e2, org.springframework.security.web.access.intercept.AuthorizationFilter@59aa2fba]
2025-12-31 08:51:38.662 [main] INFO  c.b.m.e.spring.MybatisPlusApplicationContextAware - Register ApplicationContext instances org.springframework.boot.web.servlet.context.AnnotationConfigServletWebServerApplicationContext@6e1d8f9e
2025-12-31 08:51:38.926 [main] INFO  o.s.boot.web.embedded.tomcat.TomcatWebServer - Tomcat started on port 8080 (http) with context path '/api'
2025-12-31 08:51:38.933 [main] INFO  com.training.VirtualTrainingApplication - Started VirtualTrainingApplication in 7.928 seconds (process running for 9.015)
2025-12-31 08:51:38.978 [http-nio-8080-exec-1] INFO  o.a.c.c.ContainerBase.[Tomcat].[localhost].[/api] - Initializing Spring DispatcherServlet 'dispatcherServlet'
2025-12-31 08:51:38.978 [http-nio-8080-exec-1] INFO  org.springframework.web.servlet.DispatcherServlet - Initializing Servlet 'dispatcherServlet'
2025-12-31 08:51:38.979 [http-nio-8080-exec-1] INFO  org.springframework.web.servlet.DispatcherServlet - Completed initialization in 1 ms
2025-12-31 08:51:39.103 [http-nio-8080-exec-1] INFO  c.training.module.auth.controller.AuthController - 用户登录: admin
2025-12-31 08:51:40.325 [http-nio-8080-exec-2] DEBUG c.training.common.config.JwtAuthenticationFilter - 用户 admin 认证成功
2025-12-31 08:51:46.215 [http-nio-8080-exec-3] DEBUG c.training.common.config.JwtAuthenticationFilter - 用户 admin 认证成功
2025-12-31 08:51:46.223 [http-nio-8080-exec-3] INFO  c.training.module.news.controller.NewsController - 分页查询新闻列表: NewsQueryRequest(keyword=, category=null, status=1, isTop=null, isRecommend=null, current=1, size=12)
2025-12-31 08:51:49.719 [http-nio-8080-exec-4] DEBUG c.training.common.config.JwtAuthenticationFilter - 用户 admin 认证成功
2025-12-31 08:51:49.720 [http-nio-8080-exec-4] INFO  c.training.module.news.controller.NewsController - 分页查询新闻列表: NewsQueryRequest(keyword=, category=null, status=1, isTop=null, isRecommend=null, current=1, size=12)
2025-12-31 08:52:06.369 [http-nio-8080-exec-5] DEBUG c.training.common.config.JwtAuthenticationFilter - 用户 admin 认证成功
2025-12-31 08:52:06.371 [http-nio-8080-exec-5] INFO  c.training.module.news.controller.NewsController - 分页查询新闻列表: NewsQueryRequest(keyword=, category=null, status=1, isTop=null, isRecommend=null, current=1, size=12)
2025-12-31 08:52:13.724 [http-nio-8080-exec-6] DEBUG c.training.common.config.JwtAuthenticationFilter - 用户 admin 认证成功
2025-12-31 08:52:13.725 [http-nio-8080-exec-6] INFO  c.training.module.news.controller.NewsController - 分页查询新闻列表: NewsQueryRequest(keyword=, category=null, status=1, isTop=null, isRecommend=null, current=1, size=12)
2025-12-31 08:52:16.611 [http-nio-8080-exec-7] DEBUG c.training.common.config.JwtAuthenticationFilter - 用户 admin 认证成功
2025-12-31 08:52:16.612 [http-nio-8080-exec-7] INFO  c.training.module.news.controller.NewsController - 分页查询新闻列表: NewsQueryRequest(keyword=, category=null, status=1, isTop=null, isRecommend=null, current=1, size=12)
2025-12-31 09:01:46.562 [http-nio-8080-exec-8] DEBUG c.training.common.config.JwtAuthenticationFilter - 用户 admin 认证成功
2025-12-31 09:01:46.563 [http-nio-8080-exec-8] INFO  c.training.module.news.controller.NewsController - 分页查询新闻列表: NewsQueryRequest(keyword=, category=null, status=1, isTop=null, isRecommend=null, current=1, size=12)
2025-12-31 09:01:50.879 [http-nio-8080-exec-9] DEBUG c.training.common.config.JwtAuthenticationFilter - 用户 admin 认证成功
2025-12-31 09:01:50.880 [http-nio-8080-exec-9] INFO  c.training.module.news.controller.NewsController - 分页查询新闻列表: NewsQueryRequest(keyword=, category=null, status=1, isTop=null, isRecommend=null, current=1, size=12)
2025-12-31 09:09:38.716 [SpringApplicationShutdownHook] INFO  com.alibaba.druid.pool.DruidDataSource - {dataSource-1} closing ...
2025-12-31 09:09:38.724 [SpringApplicationShutdownHook] INFO  com.alibaba.druid.pool.DruidDataSource - {dataSource-1} closed
2025-12-31 09:22:17.617 [main] INFO  com.training.VirtualTrainingApplication - Starting VirtualTrainingApplication using Java 21.0.8 with PID 33416 (E:\homework\2025last\work\test\backend\target\classes started by pzq80 in E:\homework\2025last\work\test\backend)
2025-12-31 09:22:17.618 [main] DEBUG com.training.VirtualTrainingApplication - Running with Spring Boot v3.2.1, Spring v6.1.2
2025-12-31 09:22:17.619 [main] INFO  com.training.VirtualTrainingApplication - The following 1 profile is active: "dev"
2025-12-31 09:22:18.302 [main] INFO  o.s.d.r.config.RepositoryConfigurationDelegate - Multiple Spring Data modules found, entering strict repository configuration mode
2025-12-31 09:22:18.305 [main] INFO  o.s.d.r.config.RepositoryConfigurationDelegate - Bootstrapping Spring Data Redis repositories in DEFAULT mode.
2025-12-31 09:22:18.330 [main] INFO  o.s.d.r.config.RepositoryConfigurationDelegate - Finished Spring Data repository scanning in 11 ms. Found 0 Redis repository interfaces.
2025-12-31 09:22:18.896 [main] INFO  o.s.boot.web.embedded.tomcat.TomcatWebServer - Tomcat initialized with port 8080 (http)
2025-12-31 09:22:18.906 [main] INFO  org.apache.catalina.core.StandardService - Starting service [Tomcat]
2025-12-31 09:22:18.906 [main] INFO  org.apache.catalina.core.StandardEngine - Starting Servlet engine: [Apache Tomcat/10.1.17]
2025-12-31 09:22:18.958 [main] INFO  o.a.c.c.ContainerBase.[Tomcat].[localhost].[/api] - Initializing Spring embedded WebApplicationContext
2025-12-31 09:22:18.958 [main] INFO  o.s.b.w.s.c.ServletWebServerApplicationContext - Root WebApplicationContext: initialization completed in 1307 ms
2025-12-31 09:22:19.288 [main] DEBUG c.training.common.config.JwtAuthenticationFilter - Filter 'jwtAuthenticationFilter' configured for use
2025-12-31 09:22:19.309 [main] INFO  c.a.d.s.b.a.DruidDataSourceAutoConfigure - Init DruidDataSource
2025-12-31 09:22:19.535 [main] INFO  com.alibaba.druid.pool.DruidDataSource - {dataSource-1} inited
2025-12-31 09:22:20.249 [main] INFO  o.s.security.web.DefaultSecurityFilterChain - Will secure any request with [org.springframework.security.web.session.DisableEncodeUrlFilter@481bae3f, org.springframework.security.web.context.request.async.WebAsyncManagerIntegrationFilter@6a54aa7a, org.springframework.security.web.context.SecurityContextHolderFilter@423762ae, org.springframework.security.web.header.HeaderWriterFilter@16f8df70, org.springframework.web.filter.CorsFilter@559fd5ec, org.springframework.security.web.authentication.logout.LogoutFilter@44587c44, com.training.common.config.JwtAuthenticationFilter@4a9bce99, org.springframework.security.web.savedrequest.RequestCacheAwareFilter@535a6697, org.springframework.security.web.servletapi.SecurityContextHolderAwareRequestFilter@641bc9a8, org.springframework.security.web.authentication.AnonymousAuthenticationFilter@4c114687, org.springframework.security.web.session.SessionManagementFilter@1405aa6a, org.springframework.security.web.access.ExceptionTranslationFilter@6d5de79a, org.springframework.security.web.access.intercept.AuthorizationFilter@446cc036]
2025-12-31 09:22:20.364 [main] INFO  c.b.m.e.spring.MybatisPlusApplicationContextAware - Register ApplicationContext instances org.springframework.boot.web.servlet.context.AnnotationConfigServletWebServerApplicationContext@3829ac1
2025-12-31 09:22:20.554 [main] INFO  o.s.boot.web.embedded.tomcat.TomcatWebServer - Tomcat started on port 8080 (http) with context path '/api'
2025-12-31 09:22:20.561 [main] INFO  com.training.VirtualTrainingApplication - Started VirtualTrainingApplication in 3.418 seconds (process running for 4.111)
2025-12-31 09:22:21.695 [http-nio-8080-exec-1] INFO  o.a.c.c.ContainerBase.[Tomcat].[localhost].[/api] - Initializing Spring DispatcherServlet 'dispatcherServlet'
2025-12-31 09:22:21.696 [http-nio-8080-exec-1] INFO  org.springframework.web.servlet.DispatcherServlet - Initializing Servlet 'dispatcherServlet'
2025-12-31 09:22:21.697 [http-nio-8080-exec-1] INFO  org.springframework.web.servlet.DispatcherServlet - Completed initialization in 0 ms
2025-12-31 09:22:21.826 [http-nio-8080-exec-1] INFO  c.training.module.auth.controller.AuthController - 用户登录: admin
2025-12-31 09:22:22.777 [http-nio-8080-exec-3] DEBUG c.training.common.config.JwtAuthenticationFilter - 用户 admin 认证成功
2025-12-31 09:22:25.339 [http-nio-8080-exec-2] DEBUG c.training.common.config.JwtAuthenticationFilter - 用户 admin 认证成功
2025-12-31 09:22:27.400 [http-nio-8080-exec-4] DEBUG c.training.common.config.JwtAuthenticationFilter - 用户 admin 认证成功
2025-12-31 09:22:27.401 [http-nio-8080-exec-4] INFO  c.training.module.user.controller.UserController - 获取当前用户资料
2025-12-31 09:22:54.912 [http-nio-8080-exec-5] DEBUG c.training.common.config.JwtAuthenticationFilter - 用户 admin 认证成功
2025-12-31 09:22:54.931 [http-nio-8080-exec-5] INFO  c.training.module.user.controller.UserController - 更新当前用户资料: UpdateUserProfileDTO(realName=系统管理员, gender=1, phone=13800138000, email=admin@qq.com)
2025-12-31 09:22:54.946 [http-nio-8080-exec-5] INFO  c.t.module.user.service.impl.UserServiceImpl - 用户资料更新成功, userId: 1
2025-12-31 09:23:28.828 [http-nio-8080-exec-6] DEBUG c.training.common.config.JwtAuthenticationFilter - 用户 admin 认证成功
2025-12-31 09:23:28.838 [http-nio-8080-exec-6] INFO  c.training.module.news.controller.NewsController - 分页查询新闻列表: NewsQueryRequest(keyword=, category=null, status=1, isTop=null, isRecommend=null, current=1, size=12)
2025-12-31 09:23:29.662 [http-nio-8080-exec-7] DEBUG c.training.common.config.JwtAuthenticationFilter - 用户 admin 认证成功
2025-12-31 09:23:29.662 [http-nio-8080-exec-7] INFO  c.training.module.user.controller.UserController - 获取当前用户资料
2025-12-31 09:23:48.617 [http-nio-8080-exec-8] DEBUG c.training.common.config.JwtAuthenticationFilter - 用户 admin 认证成功
2025-12-31 09:23:48.618 [http-nio-8080-exec-8] INFO  c.training.module.news.controller.NewsController - 分页查询新闻列表: NewsQueryRequest(keyword=, category=null, status=1, isTop=null, isRecommend=null, current=1, size=12)
2025-12-31 09:23:49.327 [http-nio-8080-exec-9] DEBUG c.training.common.config.JwtAuthenticationFilter - 用户 admin 认证成功
2025-12-31 09:23:49.328 [http-nio-8080-exec-9] INFO  c.training.module.user.controller.UserController - 获取当前用户资料
2025-12-31 09:24:17.527 [SpringApplicationShutdownHook] INFO  com.alibaba.druid.pool.DruidDataSource - {dataSource-1} closing ...
2025-12-31 09:24:17.532 [SpringApplicationShutdownHook] INFO  com.alibaba.druid.pool.DruidDataSource - {dataSource-1} closed
